# JRE version: Java(TM) SE Runtime Environment (8.0_144-b01) (build 1.8.0_144-b01)
# Java VM: Java HotSpot(TM) 64-Bit Server VM (25.144-b01 mixed mode windows-amd64 compressed oops)
Heap:
 PSYoungGen      total 442368K, used 442368K [0x000000076ae00000, 0x00000007a6180000, 0x00000007c0000000)
  eden space 174080K, 100% used [0x000000076ae00000,0x0000000775800000,0x0000000775800000)
  from space 268288K, 100% used [0x000000078ac80000,0x000000079b280000,0x000000079b280000)
  to   space 348672K, 69% used [0x0000000775800000,0x0000000784568000,0x000000078ac80000)
 ParOldGen       total 2328576K, used 1984382K [0x00000006c0a00000, 0x000000074ec00000, 0x000000076ae00000)
  object space 2328576K, 85% used [0x00000006c0a00000,0x0000000739bdfb48,0x000000074ec00000)
 Metaspace       used 11039K, capacity 11216K, committed 11392K, reserved 1058816K
  class space    used 1254K, capacity 1348K, committed 1408K, reserved 1048576K
GC Heap History (10 events):
Event: 22.407 GC heap after
Heap after GC invocations=7 (full 2):
 PSYoungGen      total 141824K, used 10752K [0x000000076ae00000, 0x000000078aa80000, 0x00000007c0000000)
  eden space 131072K, 0% used [0x000000076ae00000,0x000000076ae00000,0x0000000772e00000)
  from space 10752K, 100% used [0x0000000772e00000,0x0000000773880000,0x0000000773880000)
  to   space 167424K, 0% used [0x0000000780700000,0x0000000780700000,0x000000078aa80000)
 ParOldGen       total 1945088K, used 1756365K [0x00000006c0a00000, 0x0000000737580000, 0x000000076ae00000)
  object space 1945088K, 90% used [0x00000006c0a00000,0x000000072bd335a0,0x0000000737580000)
 Metaspace       used 11039K, capacity 11216K, committed 11392K, reserved 1058816K
  class space    used 1254K, capacity 1348K, committed 1408K, reserved 1048576K
}
Event: 22.407 GC heap before
{Heap before GC invocations=8 (full 3):
 PSYoungGen      total 141824K, used 10752K [0x000000076ae00000, 0x000000078aa80000, 0x00000007c0000000)
  eden space 131072K, 0% used [0x000000076ae00000,0x000000076ae00000,0x0000000772e00000)
  from space 10752K, 100% used [0x0000000772e00000,0x0000000773880000,0x0000000773880000)
  to   space 167424K, 0% used [0x0000000780700000,0x0000000780700000,0x000000078aa80000)
 ParOldGen       total 1945088K, used 1756365K [0x00000006c0a00000, 0x0000000737580000, 0x000000076ae00000)
  object space 1945088K, 90% used [0x00000006c0a00000,0x000000072bd335a0,0x0000000737580000)
 Metaspace       used 11039K, capacity 11216K, committed 11392K, reserved 1058816K
  class space    used 1254K, capacity 1348K, committed 1408K, reserved 1048576K
Event: 31.413 GC heap after
Heap after GC invocations=8 (full 3):
 PSYoungGen      total 141824K, used 0K [0x000000076ae00000, 0x000000078aa80000, 0x00000007c0000000)
  eden space 131072K, 0% used [0x000000076ae00000,0x000000076ae00000,0x0000000772e00000)
  from space 10752K, 0% used [0x0000000772e00000,0x0000000772e00000,0x0000000773880000)
  to   space 167424K, 0% used [0x0000000780700000,0x0000000780700000,0x000000078aa80000)
 ParOldGen       total 2328576K, used 1766070K [0x00000006c0a00000, 0x000000074ec00000, 0x000000076ae00000)
  object space 2328576K, 75% used [0x00000006c0a00000,0x000000072c6adb48,0x000000074ec00000)
 Metaspace       used 11039K, capacity 11216K, committed 11392K, reserved 1058816K
  class space    used 1254K, capacity 1348K, committed 1408K, reserved 1048576K
}
Event: 31.960 GC heap before
{Heap before GC invocations=9 (full 3):
 PSYoungGen      total 141824K, used 131072K [0x000000076ae00000, 0x000000078aa80000, 0x00000007c0000000)
  eden space 131072K, 100% used [0x000000076ae00000,0x0000000772e00000,0x0000000772e00000)
  from space 10752K, 0% used [0x0000000772e00000,0x0000000772e00000,0x0000000773880000)
  to   space 167424K, 0% used [0x0000000780700000,0x0000000780700000,0x000000078aa80000)
 ParOldGen       total 2328576K, used 1766070K [0x00000006c0a00000, 0x000000074ec00000, 0x000000076ae00000)
  object space 2328576K, 75% used [0x00000006c0a00000,0x000000072c6adb48,0x000000074ec00000)
 Metaspace       used 11039K, capacity 11216K, committed 11392K, reserved 1058816K
  class space    used 1254K, capacity 1348K, committed 1408K, reserved 1048576K
Event: 32.850 GC heap after
Heap after GC invocations=9 (full 3):
 PSYoungGen      total 345088K, used 130752K [0x000000076ae00000, 0x000000078b180000, 0x00000007c0000000)
  eden space 177664K, 0% used [0x000000076ae00000,0x000000076ae00000,0x0000000775b80000)
  from space 167424K, 78% used [0x0000000780700000,0x00000007886b0000,0x000000078aa80000)
  to   space 175104K, 0% used [0x0000000775b80000,0x0000000775b80000,0x0000000780680000)
 ParOldGen       total 2328576K, used 1766070K [0x00000006c0a00000, 0x000000074ec00000, 0x000000076ae00000)
  object space 2328576K, 75% used [0x00000006c0a00000,0x000000072c6adb48,0x000000074ec00000)
 Metaspace       used 11039K, capacity 11216K, committed 11392K, reserved 1058816K
  class space    used 1254K, capacity 1348K, committed 1408K, reserved 1048576K
}
Event: 33.969 GC heap before
{Heap before GC invocations=10 (full 3):
 PSYoungGen      total 345088K, used 308416K [0x000000076ae00000, 0x000000078b180000, 0x00000007c0000000)
  eden space 177664K, 100% used [0x000000076ae00000,0x0000000775b80000,0x0000000775b80000)
  from space 167424K, 78% used [0x0000000780700000,0x00000007886b0000,0x000000078aa80000)
  to   space 175104K, 0% used [0x0000000775b80000,0x0000000775b80000,0x0000000780680000)
 ParOldGen       total 2328576K, used 1766070K [0x00000006c0a00000, 0x000000074ec00000, 0x000000076ae00000)
  object space 2328576K, 75% used [0x00000006c0a00000,0x000000072c6adb48,0x000000074ec00000)
 Metaspace       used 11039K, capacity 11216K, committed 11392K, reserved 1058816K
  class space    used 1254K, capacity 1348K, committed 1408K, reserved 1048576K
Event: 37.589 GC heap after
Heap after GC invocations=10 (full 3):
 PSYoungGen      total 352768K, used 175104K [0x000000076ae00000, 0x000000079b280000, 0x00000007c0000000)
  eden space 177664K, 0% used [0x000000076ae00000,0x000000076ae00000,0x0000000775b80000)
  from space 175104K, 100% used [0x0000000775b80000,0x0000000780680000,0x0000000780680000)
  to   space 268288K, 0% used [0x000000078ac80000,0x000000078ac80000,0x000000079b280000)
 ParOldGen       total 2328576K, used 1899878K [0x00000006c0a00000, 0x000000074ec00000, 0x000000076ae00000)
  object space 2328576K, 81% used [0x00000006c0a00000,0x0000000734959b48,0x000000074ec00000)
 Metaspace       used 11039K, capacity 11216K, committed 11392K, reserved 1058816K
  class space    used 1254K, capacity 1348K, committed 1408K, reserved 1048576K
}
Event: 38.303 GC heap before
{Heap before GC invocations=11 (full 3):
 PSYoungGen      total 352768K, used 352768K [0x000000076ae00000, 0x000000079b280000, 0x00000007c0000000)
  eden space 177664K, 100% used [0x000000076ae00000,0x0000000775b80000,0x0000000775b80000)
  from space 175104K, 100% used [0x0000000775b80000,0x0000000780680000,0x0000000780680000)
  to   space 268288K, 0% used [0x000000078ac80000,0x000000078ac80000,0x000000079b280000)
 ParOldGen       total 2328576K, used 1899878K [0x00000006c0a00000, 0x000000074ec00000, 0x000000076ae00000)
  object space 2328576K, 81% used [0x00000006c0a00000,0x0000000734959b48,0x000000074ec00000)
 Metaspace       used 11039K, capacity 11216K, committed 11392K, reserved 1058816K
  class space    used 1254K, capacity 1348K, committed 1408K, reserved 1048576K
Event: 43.316 GC heap after
Heap after GC invocations=11 (full 3):
 PSYoungGen      total 442368K, used 268288K [0x000000076ae00000, 0x00000007a6180000, 0x00000007c0000000)
  eden space 174080K, 0% used [0x000000076ae00000,0x000000076ae00000,0x0000000775800000)
  from space 268288K, 100% used [0x000000078ac80000,0x000000079b280000,0x000000079b280000)
  to   space 348672K, 0% used [0x0000000775800000,0x0000000775800000,0x000000078ac80000)
 ParOldGen       total 2328576K, used 1984374K [0x00000006c0a00000, 0x000000074ec00000, 0x000000076ae00000)
  object space 2328576K, 85% used [0x00000006c0a00000,0x0000000739bddb48,0x000000074ec00000)
 Metaspace       used 11039K, capacity 11216K, committed 11392K, reserved 1058816K
  class space    used 1254K, capacity 1348K, committed 1408K, reserved 1048576K
}
Event: 44.034 GC heap before
{Heap before GC invocations=12 (full 3):
 PSYoungGen      total 442368K, used 442368K [0x000000076ae00000, 0x00000007a6180000, 0x00000007c0000000)
  eden space 174080K, 100% used [0x000000076ae00000,0x0000000775800000,0x0000000775800000)
  from space 268288K, 100% used [0x000000078ac80000,0x000000079b280000,0x000000079b280000)
  to   space 348672K, 0% used [0x0000000775800000,0x0000000775800000,0x000000078ac80000)
 ParOldGen       total 2328576K, used 1984374K [0x00000006c0a00000, 0x000000074ec00000, 0x000000076ae00000)
  object space 2328576K, 85% used [0x00000006c0a00000,0x0000000739bddb48,0x000000074ec00000)
 Metaspace       used 11039K, capacity 11216K, committed 11392K, reserved 1058816K
  class space    used 1254K, capacity 1348K, committed 1408K, reserved 1048576K

