# JRE version: Java(TM) SE Runtime Environment (8.0_144-b01) (build 1.8.0_144-b01)
# Java VM: Java HotSpot(TM) 64-Bit Server VM (25.144-b01 mixed mode windows-amd64 compressed oops)
Heap:
 PSYoungGen      total 505856K, used 245606K [0x000000076ae00000, 0x00000007acc00000, 0x00000007c0000000)
  eden space 166400K, 100% used [0x000000076ae00000,0x0000000775080000,0x0000000775080000)
  from space 339456K, 23% used [0x0000000775080000,0x0000000779dd9938,0x0000000789c00000)
  to   space 429568K, 0% used [0x0000000792880000,0x0000000792880000,0x00000007acc00000)
 ParOldGen       total 2320896K, used 2320520K [0x00000006c0a00000, 0x000000074e480000, 0x000000076ae00000)
  object space 2320896K, 99% used [0x00000006c0a00000,0x000000074e422340,0x000000074e480000)
 Metaspace       used 11026K, capacity 11216K, committed 11392K, reserved 1058816K
  class space    used 1254K, capacity 1348K, committed 1408K, reserved 1048576K
GC Heap History (10 events):
Event: 20.717 GC heap after
Heap after GC invocations=9 (full 3):
 PSYoungGen      total 332800K, used 130432K [0x000000076ae00000, 0x000000078a480000, 0x00000007c0000000)
  eden space 172032K, 0% used [0x000000076ae00000,0x000000076ae00000,0x0000000775600000)
  from space 160768K, 81% used [0x000000077fc80000,0x0000000787be0000,0x0000000789980000)
  to   space 170496K, 0% used [0x0000000775600000,0x0000000775600000,0x000000077fc80000)
 ParOldGen       total 2320896K, used 1759750K [0x00000006c0a00000, 0x000000074e480000, 0x000000076ae00000)
  object space 2320896K, 75% used [0x00000006c0a00000,0x000000072c0818c8,0x000000074e480000)
 Metaspace       used 11026K, capacity 11216K, committed 11392K, reserved 1058816K
  class space    used 1254K, capacity 1348K, committed 1408K, reserved 1048576K
}
Event: 21.139 GC heap before
{Heap before GC invocations=10 (full 3):
 PSYoungGen      total 332800K, used 302464K [0x000000076ae00000, 0x000000078a480000, 0x00000007c0000000)
  eden space 172032K, 100% used [0x000000076ae00000,0x0000000775600000,0x0000000775600000)
  from space 160768K, 81% used [0x000000077fc80000,0x0000000787be0000,0x0000000789980000)
  to   space 170496K, 0% used [0x0000000775600000,0x0000000775600000,0x000000077fc80000)
 ParOldGen       total 2320896K, used 1759750K [0x00000006c0a00000, 0x000000074e480000, 0x000000076ae00000)
  object space 2320896K, 75% used [0x00000006c0a00000,0x000000072c0818c8,0x000000074e480000)
 Metaspace       used 11026K, capacity 11216K, committed 11392K, reserved 1058816K
  class space    used 1254K, capacity 1348K, committed 1408K, reserved 1048576K
Event: 22.339 GC heap after
Heap after GC invocations=10 (full 3):
 PSYoungGen      total 342528K, used 170496K [0x000000076ae00000, 0x0000000799c00000, 0x00000007c0000000)
  eden space 172032K, 0% used [0x000000076ae00000,0x000000076ae00000,0x0000000775600000)
  from space 170496K, 100% used [0x0000000775600000,0x000000077fc80000,0x000000077fc80000)
  to   space 262144K, 0% used [0x0000000789c00000,0x0000000789c00000,0x0000000799c00000)
 ParOldGen       total 2320896K, used 1892214K [0x00000006c0a00000, 0x000000074e480000, 0x000000076ae00000)
  object space 2320896K, 81% used [0x00000006c0a00000,0x00000007341dd8c8,0x000000074e480000)
 Metaspace       used 11026K, capacity 11216K, committed 11392K, reserved 1058816K
  class space    used 1254K, capacity 1348K, committed 1408K, reserved 1048576K
}
Event: 23.063 GC heap before
{Heap before GC invocations=11 (full 3):
 PSYoungGen      total 342528K, used 342528K [0x000000076ae00000, 0x0000000799c00000, 0x00000007c0000000)
  eden space 172032K, 100% used [0x000000076ae00000,0x0000000775600000,0x0000000775600000)
  from space 170496K, 100% used [0x0000000775600000,0x000000077fc80000,0x000000077fc80000)
  to   space 262144K, 0% used [0x0000000789c00000,0x0000000789c00000,0x0000000799c00000)
 ParOldGen       total 2320896K, used 1892214K [0x00000006c0a00000, 0x000000074e480000, 0x000000076ae00000)
  object space 2320896K, 81% used [0x00000006c0a00000,0x00000007341dd8c8,0x000000074e480000)
 Metaspace       used 11026K, capacity 11216K, committed 11392K, reserved 1058816K
  class space    used 1254K, capacity 1348K, committed 1408K, reserved 1048576K
Event: 24.520 GC heap after
Heap after GC invocations=11 (full 3):
 PSYoungGen      total 428544K, used 262144K [0x000000076ae00000, 0x00000007a3d80000, 0x00000007c0000000)
  eden space 166400K, 0% used [0x000000076ae00000,0x000000076ae00000,0x0000000775080000)
  from space 262144K, 100% used [0x0000000789c00000,0x0000000799c00000,0x0000000799c00000)
  to   space 339456K, 0% used [0x0000000775080000,0x0000000775080000,0x0000000789c00000)
 ParOldGen       total 2320896K, used 1973038K [0x00000006c0a00000, 0x000000074e480000, 0x000000076ae00000)
  object space 2320896K, 85% used [0x00000006c0a00000,0x00000007390cb8c8,0x000000074e480000)
 Metaspace       used 11026K, capacity 11216K, committed 11392K, reserved 1058816K
  class space    used 1254K, capacity 1348K, committed 1408K, reserved 1048576K
}
Event: 25.962 GC heap before
{Heap before GC invocations=12 (full 3):
 PSYoungGen      total 428544K, used 428544K [0x000000076ae00000, 0x00000007a3d80000, 0x00000007c0000000)
  eden space 166400K, 100% used [0x000000076ae00000,0x0000000775080000,0x0000000775080000)
  from space 262144K, 100% used [0x0000000789c00000,0x0000000799c00000,0x0000000799c00000)
  to   space 339456K, 0% used [0x0000000775080000,0x0000000775080000,0x0000000789c00000)
 ParOldGen       total 2320896K, used 1973038K [0x00000006c0a00000, 0x000000074e480000, 0x000000076ae00000)
  object space 2320896K, 85% used [0x00000006c0a00000,0x00000007390cb8c8,0x000000074e480000)
 Metaspace       used 11026K, capacity 11216K, committed 11392K, reserved 1058816K
  class space    used 1254K, capacity 1348K, committed 1408K, reserved 1048576K
Event: 29.434 GC heap after
Heap after GC invocations=12 (full 3):
 PSYoungGen      total 505856K, used 339456K [0x000000076ae00000, 0x00000007acc00000, 0x00000007c0000000)
  eden space 166400K, 0% used [0x000000076ae00000,0x000000076ae00000,0x0000000775080000)
  from space 339456K, 100% used [0x0000000775080000,0x0000000789c00000,0x0000000789c00000)
  to   space 429568K, 0% used [0x0000000792880000,0x0000000792880000,0x00000007acc00000)
 ParOldGen       total 2320896K, used 2061926K [0x00000006c0a00000, 0x000000074e480000, 0x000000076ae00000)
  object space 2320896K, 88% used [0x00000006c0a00000,0x000000073e7998c8,0x000000074e480000)
 Metaspace       used 11026K, capacity 11216K, committed 11392K, reserved 1058816K
  class space    used 1254K, capacity 1348K, committed 1408K, reserved 1048576K
}
Event: 29.434 GC heap before
{Heap before GC invocations=13 (full 4):
 PSYoungGen      total 505856K, used 339456K [0x000000076ae00000, 0x00000007acc00000, 0x00000007c0000000)
  eden space 166400K, 0% used [0x000000076ae00000,0x000000076ae00000,0x0000000775080000)
  from space 339456K, 100% used [0x0000000775080000,0x0000000789c00000,0x0000000789c00000)
  to   space 429568K, 0% used [0x0000000792880000,0x0000000792880000,0x00000007acc00000)
 ParOldGen       total 2320896K, used 2061926K [0x00000006c0a00000, 0x000000074e480000, 0x000000076ae00000)
  object space 2320896K, 88% used [0x00000006c0a00000,0x000000073e7998c8,0x000000074e480000)
 Metaspace       used 11026K, capacity 11216K, committed 11392K, reserved 1058816K
  class space    used 1254K, capacity 1348K, committed 1408K, reserved 1048576K
Event: 63.726 GC heap after
Heap after GC invocations=13 (full 4):
 PSYoungGen      total 505856K, used 79206K [0x000000076ae00000, 0x00000007acc00000, 0x00000007c0000000)
  eden space 166400K, 0% used [0x000000076ae00000,0x000000076ae00000,0x0000000775080000)
  from space 339456K, 23% used [0x0000000775080000,0x0000000779dd9938,0x0000000789c00000)
  to   space 429568K, 0% used [0x0000000792880000,0x0000000792880000,0x00000007acc00000)
 ParOldGen       total 2320896K, used 2320520K [0x00000006c0a00000, 0x000000074e480000, 0x000000076ae00000)
  object space 2320896K, 99% used [0x00000006c0a00000,0x000000074e422340,0x000000074e480000)
 Metaspace       used 11026K, capacity 11216K, committed 11392K, reserved 1058816K
  class space    used 1254K, capacity 1348K, committed 1408K, reserved 1048576K
}
Event: 66.808 GC heap before
{Heap before GC invocations=14 (full 5):
 PSYoungGen      total 505856K, used 245606K [0x000000076ae00000, 0x00000007acc00000, 0x00000007c0000000)
  eden space 166400K, 100% used [0x000000076ae00000,0x0000000775080000,0x0000000775080000)
  from space 339456K, 23% used [0x0000000775080000,0x0000000779dd9938,0x0000000789c00000)
  to   space 429568K, 0% used [0x0000000792880000,0x0000000792880000,0x00000007acc00000)
 ParOldGen       total 2320896K, used 2320520K [0x00000006c0a00000, 0x000000074e480000, 0x000000076ae00000)
  object space 2320896K, 99% used [0x00000006c0a00000,0x000000074e422340,0x000000074e480000)
 Metaspace       used 11026K, capacity 11216K, committed 11392K, reserved 1058816K
  class space    used 1254K, capacity 1348K, committed 1408K, reserved 1048576K

